<?xml version="1.0" encoding="UTF-8"?>
<testsuite name="com.rinha_de_backend_2023.RinhaDeBackend2023ApplicationTests" tests="1" skipped="0" failures="0" errors="0" timestamp="2024-07-13T12:12:26" hostname="MacBook-Pro-de-Jose.local" time="0.609">
  <properties/>
  <testcase name="contextLoads()" classname="com.rinha_de_backend_2023.RinhaDeBackend2023ApplicationTests" time="0.609"/>
  <system-out><![CDATA[09:12:25.097 [Test worker] INFO org.springframework.test.context.support.AnnotationConfigContextLoaderUtils -- Could not detect default configuration classes for test class [com.rinha_de_backend_2023.RinhaDeBackend2023ApplicationTests]: RinhaDeBackend2023ApplicationTests does not declare any static, non-private, non-final, nested classes annotated with @Configuration.
09:12:25.179 [Test worker] INFO org.springframework.boot.test.context.SpringBootTestContextBootstrapper -- Found @SpringBootConfiguration com.rinha_de_backend_2023.RinhaDeBackend2023Application for test class com.rinha_de_backend_2023.RinhaDeBackend2023ApplicationTests

  .   ____          _            __ _ _
 /\\ / ___'_ __ _ _(_)_ __  __ _ \ \ \ \
( ( )\___ | '_ | '_| | '_ \/ _` | \ \ \ \
 \\/  ___)| |_)| | | | | || (_| |  ) ) ) )
  '  |____| .__|_| |_|_| |_\__, | / / / /
 =========|_|==============|___/=/_/_/_/

 :: Spring Boot ::                (v3.3.1)

2024-07-13T09:12:25.457-03:00  INFO 7157 --- [rinha_de_backend_2023] [    Test worker] c.r.RinhaDeBackend2023ApplicationTests   : Starting RinhaDeBackend2023ApplicationTests using Java 17.0.11 with PID 7157 (started by elnogueira in /Users/elnogueira/Documents/estudos/rinha_de_backend_2023)
2024-07-13T09:12:25.458-03:00  INFO 7157 --- [rinha_de_backend_2023] [    Test worker] c.r.RinhaDeBackend2023ApplicationTests   : No active profile set, falling back to 1 default profile: "default"
2024-07-13T09:12:26.303-03:00  INFO 7157 --- [rinha_de_backend_2023] [    Test worker] c.r.RinhaDeBackend2023ApplicationTests   : Started RinhaDeBackend2023ApplicationTests in 0.962 seconds (process running for 2.127)
]]></system-out>
  <system-err><![CDATA[]]></system-err>
</testsuite>
